
/home/runner/work/exp-nfa-to-dfa-iiith/exp-nfa-to-dfa-iiith/experiment/simulation/js/common.js
    6:42   warning  'e' is defined but never used          no-unused-vars
    7:3    warning  'canvas1' is not defined               no-undef
    8:3    warning  'canvas2' is not defined               no-undef
   10:3    warning  'refreshInput' is not defined          no-undef
   11:3    warning  'refreshCanvas1' is not defined        no-undef
   12:3    warning  'refreshCanvas2' is not defined        no-undef
   13:3    warning  'resetStack1' is not defined           no-undef
   14:3    warning  'resetStack2' is not defined           no-undef
   17:3    warning  'changeFA' is not defined              no-undef
   18:3    warning  'changeFA' is not defined              no-undef
   18:47   warning  'e' is defined but never used          no-unused-vars
   19:5    warning  'clearElem' is not defined             no-undef
   19:15   warning  'canvas1' is not defined               no-undef
   20:5    warning  'clearElem' is not defined             no-undef
   20:15   warning  'canvas2' is not defined               no-undef
   21:5    warning  'nfaIndex' is not defined              no-undef
   21:16   warning  'nfaIndex' is not defined              no-undef
   22:5    warning  'dfaIndex' is not defined              no-undef
   22:16   warning  'dfaIndex' is not defined              no-undef
   23:8    warning  'nfaIndex' is not defined              no-undef
   23:20   warning  'nfa' is not defined                   no-undef
   24:7    warning  'nfaIndex' is not defined              no-undef
   26:8    warning  'dfaIndex' is not defined              no-undef
   26:20   warning  'dfa' is not defined                   no-undef
   27:7    warning  'dfaIndex' is not defined              no-undef
   29:5    warning  'refreshCanvas1' is not defined        no-undef
   30:5    warning  'refreshCanvas2' is not defined        no-undef
   31:5    warning  'resetInput' is not defined            no-undef
   32:5    warning  'resetStack1' is not defined           no-undef
   33:5    warning  'resetStack2' is not defined           no-undef
   37:3    warning  'changeInput' is not defined           no-undef
   38:3    warning  'changeInput' is not defined           no-undef
   38:50   warning  'e' is defined but never used          no-unused-vars
   39:5    warning  'inputIndex' is not defined            no-undef
   39:18   warning  'inputIndex' is not defined            no-undef
   40:8    warning  'inputIndex' is not defined            no-undef
   40:22   warning  'nfa' is not defined                   no-undef
   40:26   warning  'nfaIndex' is not defined              no-undef
   41:7    warning  'inputIndex' is not defined            no-undef
   43:5    warning  'inputPointer' is not defined          no-undef
   44:5    warning  'refreshInput' is not defined          no-undef
   45:5    warning  'refreshCanvas1' is not defined        no-undef
   46:5    warning  'refreshCanvas2' is not defined        no-undef
   47:5    warning  'resetStack1' is not defined           no-undef
   48:5    warning  'resetStack2' is not defined           no-undef
   52:3    warning  'next' is not defined                  no-undef
   53:3    warning  'next' is not defined                  no-undef
   53:43   warning  'e' is defined but never used          no-unused-vars
   54:8    warning  'inputPointer' is not defined          no-undef
   54:24   warning  'nfa' is not defined                   no-undef
   54:28   warning  'nfaIndex' is not defined              no-undef
   54:47   warning  'inputIndex' is not defined            no-undef
   55:7    warning  'inputPointer' is not defined          no-undef
   55:22   warning  'inputPointer' is not defined          no-undef
   56:7    warning  'refreshInput' is not defined          no-undef
   57:7    warning  'refreshCanvas1' is not defined        no-undef
   58:7    warning  'refreshCanvas2' is not defined        no-undef
   60:7    warning  'str' is not defined                   no-undef
   61:10   warning  'inputPointer' is not defined          no-undef
   62:9    warning  'str' is not defined                   no-undef
   62:34   warning  'nfa' is not defined                   no-undef
   62:38   warning  'nfaIndex' is not defined              no-undef
   62:57   warning  'inputIndex' is not defined            no-undef
   62:79   warning  'inputPointer' is not defined          no-undef
   63:12   warning  'path_state' is not defined            no-undef
   64:11   warning  'str' is not defined                   no-undef
   64:43   warning  'nfa' is not defined                   no-undef
   64:47   warning  'nfaIndex' is not defined              no-undef
   64:66   warning  'inputIndex' is not defined            no-undef
   64:88   warning  'inputPointer' is not defined          no-undef
   65:11   warning  'str' is not defined                   no-undef
   65:31   warning  'nfa' is not defined                   no-undef
   65:35   warning  'nfaIndex' is not defined              no-undef
   65:54   warning  'inputIndex' is not defined            no-undef
   65:76   warning  'inputPointer' is not defined          no-undef
   67:11   warning  'str' is not defined                   no-undef
   67:43   warning  'nfa' is not defined                   no-undef
   67:47   warning  'nfaIndex' is not defined              no-undef
   67:66   warning  'inputIndex' is not defined            no-undef
   67:93   warning  'inputPointer' is not defined          no-undef
   68:11   warning  'str' is not defined                   no-undef
   68:31   warning  'nfa' is not defined                   no-undef
   68:35   warning  'nfaIndex' is not defined              no-undef
   68:54   warning  'inputIndex' is not defined            no-undef
   68:81   warning  'inputPointer' is not defined          no-undef
   71:10   warning  'inputPointer' is not defined          no-undef
   72:9    warning  'str' is not defined                   no-undef
   74:7    warning  'addToStack1' is not defined           no-undef
   74:19   warning  'str' is not defined                   no-undef
   76:7    warning  'str' is not defined                   no-undef
   77:10   warning  'inputPointer' is not defined          no-undef
   78:9    warning  'str' is not defined                   no-undef
   78:34   warning  'dfa' is not defined                   no-undef
   78:38   warning  'dfaIndex' is not defined              no-undef
   78:57   warning  'inputIndex' is not defined            no-undef
   78:79   warning  'inputPointer' is not defined          no-undef
   79:9    warning  'str' is not defined                   no-undef
   79:41   warning  'dfa' is not defined                   no-undef
   79:45   warning  'dfaIndex' is not defined              no-undef
   79:64   warning  'inputIndex' is not defined            no-undef
   79:86   warning  'inputPointer' is not defined          no-undef
   80:9    warning  'str' is not defined                   no-undef
   80:29   warning  'dfa' is not defined                   no-undef
   80:33   warning  'dfaIndex' is not defined              no-undef
   80:52   warning  'inputIndex' is not defined            no-undef
   80:74   warning  'inputPointer' is not defined          no-undef
   82:10   warning  'inputPointer' is not defined          no-undef
   83:9    warning  'str' is not defined                   no-undef
   85:7    warning  'addToStack2' is not defined           no-undef
   85:19   warning  'str' is not defined                   no-undef
   88:10   warning  'inputPointer' is not defined          no-undef
   88:24   warning  'dfa' is not defined                   no-undef
   88:28   warning  'dfaIndex' is not defined              no-undef
   88:47   warning  'inputIndex' is not defined            no-undef
   90:9    warning  'nfaComputationStatus' is not defined  no-undef
   91:9    warning  'dfaComputationStatus' is not defined  no-undef
   93:13   warning  'itr' is not defined                   no-undef
   93:19   warning  'itr' is not defined                   no-undef
   93:23   warning  'nfa' is not defined                   no-undef
   93:27   warning  'nfaIndex' is not defined              no-undef
   93:58   warning  'itr' is not defined                   no-undef
   95:14   warning  'path_state' is not defined            no-undef
   96:16   warning  'nfa' is not defined                   no-undef
   96:20   warning  'nfaIndex' is not defined              no-undef
   96:42   warning  'itr' is not defined                   no-undef
   96:58   warning  'nfa' is not defined                   no-undef
   96:62   warning  'nfaIndex' is not defined              no-undef
   96:81   warning  'inputIndex' is not defined            no-undef
   96:103  warning  'inputPointer' is not defined          no-undef
   97:18   warning  'nfa' is not defined                   no-undef
   97:22   warning  'nfaIndex' is not defined              no-undef
   97:44   warning  'itr' is not defined                   no-undef
   98:17   warning  'nfaComputationStatus' is not defined  no-undef
  103:16   warning  'nfa' is not defined                   no-undef
  103:20   warning  'nfaIndex' is not defined              no-undef
  103:42   warning  'itr' is not defined                   no-undef
  103:58   warning  'nfa' is not defined                   no-undef
  103:62   warning  'nfaIndex' is not defined              no-undef
  103:81   warning  'inputIndex' is not defined            no-undef
  103:108  warning  'inputPointer' is not defined          no-undef
  104:18   warning  'nfa' is not defined                   no-undef
  104:22   warning  'nfaIndex' is not defined              no-undef
  104:44   warning  'itr' is not defined                   no-undef
  105:17   warning  'nfaComputationStatus' is not defined  no-undef
  112:13   warning  'itr' is not defined                   no-undef
  112:19   warning  'itr' is not defined                   no-undef
  112:23   warning  'dfa' is not defined                   no-undef
  112:27   warning  'dfaIndex' is not defined              no-undef
  112:58   warning  'itr' is not defined                   no-undef
  113:14   warning  'dfa' is not defined                   no-undef
  113:18   warning  'dfaIndex' is not defined              no-undef
  113:40   warning  'itr' is not defined                   no-undef
  113:56   warning  'dfa' is not defined                   no-undef
  113:60   warning  'dfaIndex' is not defined              no-undef
  113:79   warning  'inputIndex' is not defined            no-undef
  113:101  warning  'inputPointer' is not defined          no-undef
  114:16   warning  'dfa' is not defined                   no-undef
  114:20   warning  'dfaIndex' is not defined              no-undef
  114:42   warning  'itr' is not defined                   no-undef
  115:15   warning  'dfaComputationStatus' is not defined  no-undef
  120:9    warning  'swal' is not defined                  no-undef
  120:34   warning  'nfaComputationStatus' is not defined  no-undef
  120:70   warning  'dfaComputationStatus' is not defined  no-undef
  126:3    warning  'prev' is not defined                  no-undef
  127:3    warning  'prev' is not defined                  no-undef
  127:43   warning  'e' is defined but never used          no-unused-vars
  128:8    warning  'inputPointer' is not defined          no-undef
  129:7    warning  'inputPointer' is not defined          no-undef
  129:22   warning  'inputPointer' is not defined          no-undef
  130:7    warning  'refreshInput' is not defined          no-undef
  131:7    warning  'refreshCanvas1' is not defined        no-undef
  132:7    warning  'refreshCanvas2' is not defined        no-undef
  133:7    warning  'removeFromStack1' is not defined      no-undef
  134:7    warning  'removeFromStack2' is not defined      no-undef
  138:3    warning  'path_switch' is not defined           no-undef
  139:3    warning  'path_switch' is not defined           no-undef
  139:51   warning  'e' is defined but never used          no-unused-vars
  140:8    warning  'path_state' is not defined            no-undef
  141:7    warning  'path_state' is not defined            no-undef
  143:7    warning  'path_state' is not defined            no-undef
  145:5    warning  'inputPointer' is not defined          no-undef
  146:5    warning  'refreshInput' is not defined          no-undef
  147:5    warning  'refreshCanvas1' is not defined        no-undef
  148:5    warning  'refreshCanvas2' is not defined        no-undef
  149:5    warning  'resetStack1' is not defined           no-undef
  150:5    warning  'resetStack2' is not defined           no-undef

/home/runner/work/exp-nfa-to-dfa-iiith/exp-nfa-to-dfa-iiith/experiment/simulation/js/data.js
   2:7  warning  'nfa1' is assigned a value but never used  no-unused-vars
  35:7  warning  'dfa1' is assigned a value but never used  no-unused-vars
  64:7  warning  'nfa2' is assigned a value but never used  no-unused-vars
  95:7  warning  'dfa2' is assigned a value but never used  no-unused-vars

/home/runner/work/exp-nfa-to-dfa-iiith/exp-nfa-to-dfa-iiith/experiment/simulation/js/global.js
   6:1   warning  'width' is not defined         no-undef
   7:1   warning  'height' is not defined        no-undef
   8:1   warning  'radius' is not defined        no-undef
  11:1   warning  'nfa' is not defined           no-undef
  11:8   warning  'nfa1' is not defined          no-undef
  11:14  warning  'nfa2' is not defined          no-undef
  12:1   warning  'nfaIndex' is not defined      no-undef
  14:1   warning  'inputIndex' is not defined    no-undef
  15:1   warning  'inputPointer' is not defined  no-undef
  17:1   warning  'nfa_nodes' is not defined     no-undef
  18:1   warning  'nfa_edges' is not defined     no-undef
  20:1   warning  'path_state' is not defined    no-undef
  23:1   warning  'dfa' is not defined           no-undef
  23:8   warning  'dfa1' is not defined          no-undef
  23:14  warning  'dfa2' is not defined          no-undef
  24:1   warning  'dfaIndex' is not defined      no-undef
  26:1   warning  'inputIndex' is not defined    no-undef
  27:1   warning  'inputPointer' is not defined  no-undef
  29:1   warning  'dfa_nodes' is not defined     no-undef
  30:1   warning  'dfa_edges' is not defined     no-undef

/home/runner/work/exp-nfa-to-dfa-iiith/exp-nfa-to-dfa-iiith/experiment/simulation/js/helper.js
    7:2   warning  'elem' is not defined                      no-undef
    9:4   warning  'elem' is not defined                      no-undef
   11:9   warning  'elem' is not defined                      no-undef
   14:10  warning  'newElement' is defined but never used     no-unused-vars
   15:2   warning  'elem' is not defined                      no-undef
   17:4   warning  'elem' is not defined                      no-undef
   19:9   warning  'elem' is not defined                      no-undef
   22:10  warning  'clearElem' is defined but never used      no-unused-vars
   29:10  warning  'displayCanvas' is defined but never used  no-unused-vars
   30:3   warning  'sine45' is not defined                    no-undef
   32:3   warning  'nodes' is not defined                     no-undef
   33:3   warning  'edges' is not defined                     no-undef
   37:5   warning  'newnode' is not defined                   no-undef
   40:12  warning  'width' is not defined                     no-undef
   40:26  warning  'width' is not defined                     no-undef
   41:12  warning  'height' is not defined                    no-undef
   43:5   warning  'nodes' is not defined                     no-undef
   43:16  warning  'newnode' is not defined                   no-undef
   47:3   warning  'nodes' is not defined                     no-undef
   48:5   warning  'color' is not defined                     no-undef
   49:5   warning  'stroke_width' is not defined              no-undef
   51:7   warning  'color' is not defined                     no-undef
   52:7   warning  'stroke_width' is not defined              no-undef
   54:7   warning  'color' is not defined                     no-undef
   55:7   warning  'stroke_width' is not defined              no-undef
   57:5   warning  'fillColor' is not defined                 no-undef
   59:7   warning  'fillColor' is not defined                 no-undef
   61:5   warning  'circleElem' is not defined                no-undef
   65:13  warning  'radius' is not defined                    no-undef
   66:18  warning  'color' is not defined                     no-undef
   67:16  warning  'fillColor' is not defined                 no-undef
   68:24  warning  'stroke_width' is not defined              no-undef
   71:5   warning  'textElem' is not defined                  no-undef
   77:5   warning  'textElem' is not defined                  no-undef
   79:24  warning  'circleElem' is not defined                no-undef
   80:24  warning  'textElem' is not defined                  no-undef
   84:39  warning  'index' is defined but never used          no-unused-vars
   85:5   warning  'newEdge' is not defined                   no-undef
  104:5   warning  'nodes' is not defined                     no-undef
  106:9   warning  'newEdge' is not defined                   no-undef
  107:9   warning  'newEdge' is not defined                   no-undef
  110:9   warning  'newEdge' is not defined                   no-undef
  111:9   warning  'newEdge' is not defined                   no-undef
  116:7   warning  'newEdge' is not defined                   no-undef
  116:31  warning  'newEdge' is not defined                   no-undef
  116:53  warning  'radius' is not defined                    no-undef
  116:60  warning  'sine45' is not defined                    no-undef
  117:7   warning  'newEdge' is not defined                   no-undef
  117:29  warning  'newEdge' is not defined                   no-undef
  117:49  warning  'radius' is not defined                    no-undef
  117:56  warning  'sine45' is not defined                    no-undef
  119:7   warning  'newEdge' is not defined                   no-undef
  119:31  warning  'newEdge' is not defined                   no-undef
  119:53  warning  'radius' is not defined                    no-undef
  119:60  warning  'sine45' is not defined                    no-undef
  120:7   warning  'newEdge' is not defined                   no-undef
  120:29  warning  'newEdge' is not defined                   no-undef
  120:49  warning  'radius' is not defined                    no-undef
  120:56  warning  'sine45' is not defined                    no-undef
  122:7   warning  'newEdge' is not defined                   no-undef
  122:30  warning  'newEdge' is not defined                   no-undef
  122:52  warning  'newEdge' is not defined                   no-undef
  123:7   warning  'newEdge' is not defined                   no-undef
  123:29  warning  'newEdge' is not defined                   no-undef
  123:51  warning  'radius' is not defined                    no-undef
  125:7   warning  'newEdge' is not defined                   no-undef
  125:31  warning  'newEdge' is not defined                   no-undef
  125:53  warning  'radius' is not defined                    no-undef
  125:60  warning  'sine45' is not defined                    no-undef
  126:7   warning  'newEdge' is not defined                   no-undef
  126:29  warning  'newEdge' is not defined                   no-undef
  126:49  warning  'radius' is not defined                    no-undef
  126:56  warning  'sine45' is not defined                    no-undef
  128:7   warning  'newEdge' is not defined                   no-undef
  128:31  warning  'newEdge' is not defined                   no-undef
  128:53  warning  'radius' is not defined                    no-undef
  128:60  warning  'sine45' is not defined                    no-undef
  129:7   warning  'newEdge' is not defined                   no-undef
  129:29  warning  'newEdge' is not defined                   no-undef
  129:49  warning  'radius' is not defined                    no-undef
  129:56  warning  'sine45' is not defined                    no-undef
  131:7   warning  'newEdge' is not defined                   no-undef
  131:30  warning  'newEdge' is not defined                   no-undef
  131:52  warning  'newEdge' is not defined                   no-undef
  132:7   warning  'newEdge' is not defined                   no-undef
  132:29  warning  'newEdge' is not defined                   no-undef
  132:51  warning  'radius' is not defined                    no-undef
  134:7   warning  'newEdge' is not defined                   no-undef
  134:31  warning  'newEdge' is not defined                   no-undef
  134:53  warning  'radius' is not defined                    no-undef
  134:60  warning  'sine45' is not defined                    no-undef
  135:7   warning  'newEdge' is not defined                   no-undef
  135:31  warning  'newEdge' is not defined                   no-undef
  135:53  warning  'radius' is not defined                    no-undef
  135:60  warning  'sine45' is not defined                    no-undef
  137:7   warning  'newEdge' is not defined                   no-undef
  137:29  warning  'newEdge' is not defined                   no-undef
  137:49  warning  'radius' is not defined                    no-undef
  137:56  warning  'sine45' is not defined                    no-undef
  138:7   warning  'newEdge' is not defined                   no-undef
  138:29  warning  'newEdge' is not defined                   no-undef
  138:49  warning  'radius' is not defined                    no-undef
  138:56  warning  'sine45' is not defined                    no-undef
  140:7   warning  'newEdge' is not defined                   no-undef
  140:30  warning  'newEdge' is not defined                   no-undef
  140:52  warning  'newEdge' is not defined                   no-undef
  141:7   warning  'newEdge' is not defined                   no-undef
  141:29  warning  'newEdge' is not defined                   no-undef
  141:53  warning  'radius' is not defined                    no-undef
  144:5   warning  'edges' is not defined                     no-undef
  144:16  warning  'newEdge' is not defined                   no-undef
  148:3   warning  'edges' is not defined                     no-undef
  149:5   warning  'baseId' is not defined                    no-undef
  151:5   warning  'linepoints' is not defined                no-undef
  153:7   warning  'linepoints' is not defined                no-undef
  160:7   warning  'linepoints' is not defined                no-undef
  165:7   warning  'linepoints' is not defined                no-undef
  171:5   warning  'edgeColor' is not defined                 no-undef
  172:5   warning  'line' is not defined                      no-undef
  173:14  warning  'baseId' is not defined                    no-undef
  174:13  warning  'linepoints' is not defined                no-undef
  176:18  warning  'edgeColor' is not defined                 no-undef
  179:5   warning  'mid_x' is not defined                     no-undef
  180:5   warning  'mid_y' is not defined                     no-undef
  182:5   warning  'linemarkerpoints' is not defined          no-undef
  184:7   warning  'mid_y' is not defined                     no-undef
  185:7   warning  'linemarkerpoints' is not defined          no-undef
  185:27  warning  'mid_x' is not defined                     no-undef
  185:39  warning  'mid_y' is not defined                     no-undef
  185:53  warning  'mid_x' is not defined                     no-undef
  185:67  warning  'mid_y' is not defined                     no-undef
  185:79  warning  'mid_x' is not defined                     no-undef
  185:91  warning  'mid_y' is not defined                     no-undef
  187:7   warning  'mid_y' is not defined                     no-undef
  188:7   warning  'linemarkerpoints' is not defined          no-undef
  188:27  warning  'mid_x' is not defined                     no-undef
  188:39  warning  'mid_y' is not defined                     no-undef
  188:53  warning  'mid_x' is not defined                     no-undef
  188:67  warning  'mid_y' is not defined                     no-undef
  188:79  warning  'mid_x' is not defined                     no-undef
  188:91  warning  'mid_y' is not defined                     no-undef
  190:7   warning  'mid_y' is not defined                     no-undef
  191:7   warning  'linemarkerpoints' is not defined          no-undef
  191:27  warning  'mid_x' is not defined                     no-undef
  191:39  warning  'mid_y' is not defined                     no-undef
  191:53  warning  'mid_x' is not defined                     no-undef
  191:67  warning  'mid_y' is not defined                     no-undef
  191:79  warning  'mid_x' is not defined                     no-undef
  191:91  warning  'mid_y' is not defined                     no-undef
  194:5   warning  'linemarker' is not defined                no-undef
  195:14  warning  'baseId' is not defined                    no-undef
  196:18  warning  'linemarkerpoints' is not defined          no-undef
  199:5   warning  'textline' is not defined                  no-undef
  200:14  warning  'baseId' is not defined                    no-undef
  202:5   warning  'textlinepath' is not defined              no-undef
  203:14  warning  'baseId' is not defined                    no-undef
  204:20  warning  'baseId' is not defined                    no-undef
  207:5   warning  'textlinepath' is not defined              no-undef
  209:24  warning  'line' is not defined                      no-undef
  210:24  warning  'linemarker' is not defined                no-undef
  211:5   warning  'textline' is not defined                  no-undef
  211:26  warning  'textlinepath' is not defined              no-undef
  212:24  warning  'textline' is not defined                  no-undef
  215:11  warning  'nodes' is not defined                     no-undef
  215:18  warning  'edges' is not defined                     no-undef

/home/runner/work/exp-nfa-to-dfa-iiith/exp-nfa-to-dfa-iiith/experiment/simulation/js/main_dfa.js
   6:10  warning  'refreshCanvas2' is defined but never used    no-unused-vars
   7:3   warning  'clearElem' is not defined                    no-undef
   7:13  warning  'canvas2' is not defined                      no-undef
   9:3   warning  'dfa_curr' is not defined                     no-undef
  10:6   warning  'inputPointer' is not defined                 no-undef
  13:5   warning  'dfa_curr' is not defined                     no-undef
  13:16  warning  'dfa' is not defined                          no-undef
  13:20  warning  'dfaIndex' is not defined                     no-undef
  13:39  warning  'inputIndex' is not defined                   no-undef
  13:61  warning  'inputPointer' is not defined                 no-undef
  16:3   warning  'dfa_res' is not defined                      no-undef
  16:13  warning  'displayCanvas' is not defined                no-undef
  16:27  warning  'canvas2' is not defined                      no-undef
  16:36  warning  'dfa' is not defined                          no-undef
  16:40  warning  'dfaIndex' is not defined                     no-undef
  16:51  warning  'inputPointer' is not defined                 no-undef
  16:65  warning  'dfa_curr' is not defined                     no-undef
  18:3   warning  'dfa_nodes' is not defined                    no-undef
  18:15  warning  'dfa_res' is not defined                      no-undef
  19:3   warning  'dfa_edges' is not defined                    no-undef
  19:15  warning  'dfa_res' is not defined                      no-undef
  22:10  warning  'resetInput' is defined but never used        no-unused-vars
  23:3   warning  'inputIndex' is not defined                   no-undef
  24:3   warning  'inputPointer' is not defined                 no-undef
  30:3   warning  'inputContainer' is not defined               no-undef
  31:3   warning  'clearElem' is not defined                    no-undef
  31:13  warning  'inputContainer' is not defined               no-undef
  32:17  warning  'dfa' is not defined                          no-undef
  32:21  warning  'dfaIndex' is not defined                     no-undef
  32:40  warning  'inputIndex' is not defined                   no-undef
  33:5   warning  'textColor' is not defined                    no-undef
  34:8   warning  'inputPointer' is not defined                 no-undef
  35:7   warning  'textColor' is not defined                    no-undef
  37:5   warning  'span' is not defined                         no-undef
  37:12  warning  'newElement' is not defined                   no-undef
  37:61  warning  'textColor' is not defined                    no-undef
  38:5   warning  'text' is not defined                         no-undef
  38:36  warning  'dfa' is not defined                          no-undef
  38:40  warning  'dfaIndex' is not defined                     no-undef
  38:59  warning  'inputIndex' is not defined                   no-undef
  39:5   warning  'span' is not defined                         no-undef
  39:22  warning  'text' is not defined                         no-undef
  40:5   warning  'inputContainer' is not defined               no-undef
  40:32  warning  'span' is not defined                         no-undef
  44:10  warning  'resetStack2' is defined but never used       no-unused-vars
  45:3   warning  'stack' is not defined                        no-undef
  46:3   warning  'clearElem' is not defined                    no-undef
  46:13  warning  'stack' is not defined                        no-undef
  49:10  warning  'addToStack2' is defined but never used       no-unused-vars
  50:3   warning  'stack' is not defined                        no-undef
  51:3   warning  'listElem' is not defined                     no-undef
  51:14  warning  'newElement' is not defined                   no-undef
  52:3   warning  'textNode' is not defined                     no-undef
  53:3   warning  'listElem' is not defined                     no-undef
  53:24  warning  'textNode' is not defined                     no-undef
  54:3   warning  'stack' is not defined                        no-undef
  54:21  warning  'listElem' is not defined                     no-undef
  58:10  warning  'removeFromStack2' is defined but never used  no-unused-vars
  59:3   warning  'stack' is not defined                        no-undef
  60:6   warning  'stack' is not defined                        no-undef
  61:5   warning  'stack' is not defined                        no-undef
  61:23  warning  'stack' is not defined                        no-undef

/home/runner/work/exp-nfa-to-dfa-iiith/exp-nfa-to-dfa-iiith/experiment/simulation/js/main_nfa.js
   6:10  warning  'refreshCanvas1' is defined but never used    no-unused-vars
   7:3   warning  'clearElem' is not defined                    no-undef
   7:13  warning  'canvas1' is not defined                      no-undef
   9:3   warning  'nfa_curr' is not defined                     no-undef
  10:6   warning  'inputPointer' is not defined                 no-undef
  13:8   warning  'path_state' is not defined                   no-undef
  14:7   warning  'nfa_curr' is not defined                     no-undef
  14:18  warning  'nfa' is not defined                          no-undef
  14:22  warning  'nfaIndex' is not defined                     no-undef
  14:41  warning  'inputIndex' is not defined                   no-undef
  14:63  warning  'inputPointer' is not defined                 no-undef
  16:7   warning  'nfa_curr' is not defined                     no-undef
  16:18  warning  'nfa' is not defined                          no-undef
  16:22  warning  'nfaIndex' is not defined                     no-undef
  16:41  warning  'inputIndex' is not defined                   no-undef
  16:68  warning  'inputPointer' is not defined                 no-undef
  20:3   warning  'nfa_res' is not defined                      no-undef
  20:13  warning  'displayCanvas' is not defined                no-undef
  20:27  warning  'canvas1' is not defined                      no-undef
  20:36  warning  'nfa' is not defined                          no-undef
  20:40  warning  'nfaIndex' is not defined                     no-undef
  20:51  warning  'inputPointer' is not defined                 no-undef
  20:65  warning  'nfa_curr' is not defined                     no-undef
  22:3   warning  'nfa_nodes' is not defined                    no-undef
  22:15  warning  'nfa_res' is not defined                      no-undef
  23:3   warning  'nfa_edges' is not defined                    no-undef
  23:15  warning  'nfa_res' is not defined                      no-undef
  26:10  warning  'resetInput' is defined but never used        no-unused-vars
  27:3   warning  'inputIndex' is not defined                   no-undef
  28:3   warning  'inputPointer' is not defined                 no-undef
  34:3   warning  'inputContainer' is not defined               no-undef
  35:3   warning  'clearElem' is not defined                    no-undef
  35:13  warning  'inputContainer' is not defined               no-undef
  36:17  warning  'nfa' is not defined                          no-undef
  36:21  warning  'nfaIndex' is not defined                     no-undef
  36:40  warning  'inputIndex' is not defined                   no-undef
  37:5   warning  'textColor' is not defined                    no-undef
  38:8   warning  'inputPointer' is not defined                 no-undef
  39:7   warning  'textColor' is not defined                    no-undef
  41:5   warning  'span' is not defined                         no-undef
  41:12  warning  'newElement' is not defined                   no-undef
  41:61  warning  'textColor' is not defined                    no-undef
  42:5   warning  'text' is not defined                         no-undef
  42:36  warning  'nfa' is not defined                          no-undef
  42:40  warning  'nfaIndex' is not defined                     no-undef
  42:59  warning  'inputIndex' is not defined                   no-undef
  43:5   warning  'span' is not defined                         no-undef
  43:22  warning  'text' is not defined                         no-undef
  44:5   warning  'inputContainer' is not defined               no-undef
  44:32  warning  'span' is not defined                         no-undef
  48:10  warning  'resetStack1' is defined but never used       no-unused-vars
  49:3   warning  'stack' is not defined                        no-undef
  50:3   warning  'clearElem' is not defined                    no-undef
  50:13  warning  'stack' is not defined                        no-undef
  53:10  warning  'addToStack1' is defined but never used       no-unused-vars
  54:3   warning  'stack' is not defined                        no-undef
  55:3   warning  'listElem' is not defined                     no-undef
  55:14  warning  'newElement' is not defined                   no-undef
  56:3   warning  'textNode' is not defined                     no-undef
  57:3   warning  'listElem' is not defined                     no-undef
  57:24  warning  'textNode' is not defined                     no-undef
  58:3   warning  'stack' is not defined                        no-undef
  58:21  warning  'listElem' is not defined                     no-undef
  62:10  warning  'removeFromStack1' is defined but never used  no-unused-vars
  63:3   warning  'stack' is not defined                        no-undef
  64:6   warning  'stack' is not defined                        no-undef
  65:5   warning  'stack' is not defined                        no-undef
  65:23  warning  'stack' is not defined                        no-undef

✖ 505 problems (0 errors, 505 warnings)

